[2024-01-09 18:26:34] INFO: 已走默认配置文件:nanfangyunying.yml
[2024-01-09 18:26:44] INFO: 用户配置sql文件:../DataBaseInfo/MysqlInfo/new_nanfang.yml
[2024-01-09 18:26:44] INFO: 成功连接数据库:nanfang
[2024-01-09 18:26:44] INFO: 已使用管理员权限运行代码！
[2024-01-09 18:26:46] ERROR: 设备信息未找到!
[2024-01-09 18:26:46] INFO: 网卡信息更换完成！
[2024-01-09 18:27:00] INFO: 查找当前运行的iscpclient.exe,并结束进程
[2024-01-09 18:27:03] INFO: 查找iscpclient.exe,并运行程序
[2024-01-09 18:27:11] INFO: 点击SDK默认按钮
[2024-01-09 18:27:16] INFO: SDK连接中
[2024-01-09 18:27:19] INFO: SDK确认中
[2024-01-09 18:27:19] WARNING: 确定SDK已经安装到本机！
[2024-01-09 18:27:19] INFO: SDK最小化
[2024-01-09 18:27:54] INFO: 已走默认配置文件:nanfangyunying.yml
[2024-01-09 18:28:04] INFO: 用户配置sql文件:../DataBaseInfo/MysqlInfo/new_nanfang.yml
[2024-01-09 18:28:05] INFO: 成功连接数据库:nanfang
[2024-01-09 18:28:41] INFO: 已走默认配置文件:nanfangyunying.yml
[2024-01-09 18:28:52] INFO: 用户配置sql文件:../DataBaseInfo/MysqlInfo/new_nanfang.yml
[2024-01-09 18:28:52] INFO: 成功连接数据库:nanfang
[2024-01-09 18:29:04] INFO: markdown 信息已经推送！
[2024-01-09 18:29:05] INFO: 上传图片成功！
[2024-01-09 18:29:05] INFO: markdown 信息已经推送！
[2024-01-09 18:29:06] INFO: 上传图片成功！
[2024-01-09 18:29:06] INFO: 已走默认配置文件:nanfangyunying.yml
[2024-01-10 00:20:04] INFO: 已走默认配置文件:nanfangyunying.yml
[2024-01-10 00:20:15] INFO: 用户配置sql文件:../DataBaseInfo/MysqlInfo/new_nanfang.yml
[2024-01-10 00:20:15] INFO: 成功连接数据库:nanfang
[2024-01-10 00:20:15] INFO: 已使用管理员权限运行代码！
[2024-01-10 00:20:16] ERROR: 设备信息未找到!
[2024-01-10 00:20:16] INFO: 网卡信息更换完成！
[2024-01-10 00:20:29] INFO: 查找当前运行的iscpclient.exe,并结束进程
[2024-01-10 00:20:32] INFO: 查找iscpclient.exe,并运行程序
[2024-01-10 00:20:40] INFO: 点击SDK默认按钮
[2024-01-10 00:20:44] INFO: SDK连接中
[2024-01-10 00:20:47] INFO: SDK确认中
[2024-01-10 00:20:47] WARNING: 确定SDK已经安装到本机！
[2024-01-10 00:20:47] INFO: SDK最小化
[2024-01-10 00:21:20] INFO: 已走默认配置文件:nanfangyunying.yml
[2024-01-10 00:21:30] INFO: 用户配置sql文件:../DataBaseInfo/MysqlInfo/new_nanfang.yml
[2024-01-10 00:21:31] INFO: 成功连接数据库:nanfang
[2024-01-10 00:40:03] INFO: 已走默认配置文件:nanfangyunying.yml
[2024-01-10 00:40:13] INFO: 用户配置sql文件:../DataBaseInfo/MysqlInfo/new_nanfang.yml
[2024-01-10 00:40:13] INFO: 成功连接数据库:nanfang
[2024-01-10 00:40:13] INFO: 已使用管理员权限运行代码！
[2024-01-10 00:40:14] ERROR: 设备信息未找到!
[2024-01-10 00:40:14] INFO: 网卡信息更换完成！
[2024-01-10 00:40:26] INFO: 查找当前运行的iscpclient.exe,并结束进程
[2024-01-10 00:40:29] INFO: 查找iscpclient.exe,并运行程序
[2024-01-10 00:40:37] INFO: 点击SDK默认按钮
[2024-01-10 00:40:41] INFO: SDK连接中
[2024-01-10 00:40:44] INFO: SDK确认中
[2024-01-10 00:40:44] WARNING: 确定SDK已经安装到本机！
[2024-01-10 00:40:44] INFO: SDK最小化
[2024-01-10 00:41:14] INFO: 已走默认配置文件:nanfangyunying.yml
[2024-01-10 00:41:24] INFO: 用户配置sql文件:../DataBaseInfo/MysqlInfo/new_nanfang.yml
[2024-01-10 00:41:24] INFO: 成功连接数据库:nanfang
[2024-01-10 00:41:35] INFO: markdown 信息已经推送！
[2024-01-10 00:41:36] INFO: 上传图片成功！
[2024-01-10 00:41:36] INFO: markdown 信息已经推送！
[2024-01-10 00:41:37] INFO: 上传图片成功！
[2024-01-10 00:41:37] INFO: 已走默认配置文件:nanfangyunying.yml
[2024-01-11 00:20:06] INFO: 已走默认配置文件:nanfangyunying.yml
[2024-01-11 00:20:17] INFO: 用户配置sql文件:../DataBaseInfo/MysqlInfo/new_nanfang.yml
[2024-01-11 00:20:17] INFO: 成功连接数据库:nanfang
[2024-01-11 00:20:17] INFO: 已使用管理员权限运行代码！
[2024-01-11 00:20:19] ERROR: 设备信息未找到!
[2024-01-11 00:20:19] INFO: 网卡信息更换完成！
[2024-01-11 00:20:32] INFO: 查找当前运行的iscpclient.exe,并结束进程
[2024-01-11 00:20:35] INFO: 查找iscpclient.exe,并运行程序
[2024-01-11 00:20:43] INFO: 点击SDK默认按钮
[2024-01-11 00:20:48] INFO: SDK连接中
[2024-01-11 00:20:51] INFO: SDK确认中
[2024-01-11 00:20:51] WARNING: 确定SDK已经安装到本机！
[2024-01-11 00:20:51] INFO: SDK最小化
[2024-01-11 00:21:23] INFO: 已走默认配置文件:nanfangyunying.yml
[2024-01-11 00:21:33] INFO: 用户配置sql文件:../DataBaseInfo/MysqlInfo/new_nanfang.yml
[2024-01-11 00:21:34] INFO: 成功连接数据库:nanfang
[2024-01-11 00:21:46] INFO: markdown 信息已经推送！
[2024-01-11 00:21:46] INFO: 上传图片成功！
[2024-01-11 00:21:47] INFO: markdown 信息已经推送！
[2024-01-11 00:21:47] INFO: 上传图片成功！
[2024-01-11 00:21:47] INFO: 已走默认配置文件:nanfangyunying.yml
[2024-01-11 00:40:03] INFO: 已走默认配置文件:nanfangyunying.yml
[2024-01-11 00:40:13] INFO: 用户配置sql文件:../DataBaseInfo/MysqlInfo/new_nanfang.yml
[2024-01-11 00:40:13] INFO: 成功连接数据库:nanfang
[2024-01-11 00:40:13] INFO: 已使用管理员权限运行代码！
[2024-01-11 00:40:14] ERROR: 设备信息未找到!
[2024-01-11 00:40:14] INFO: 网卡信息更换完成！
[2024-01-11 00:40:27] INFO: 查找当前运行的iscpclient.exe,并结束进程
[2024-01-11 00:40:30] INFO: 查找iscpclient.exe,并运行程序
[2024-01-11 00:40:37] INFO: 点击SDK默认按钮
[2024-01-11 00:40:41] INFO: SDK连接中
[2024-01-11 00:40:44] INFO: SDK确认中
[2024-01-11 00:40:44] WARNING: 确定SDK已经安装到本机！
[2024-01-11 00:40:44] INFO: SDK最小化
[2024-01-11 00:41:14] INFO: 已走默认配置文件:nanfangyunying.yml
[2024-01-11 00:41:24] INFO: 用户配置sql文件:../DataBaseInfo/MysqlInfo/new_nanfang.yml
[2024-01-11 00:41:24] INFO: 成功连接数据库:nanfang
[2024-01-11 00:41:34] INFO: markdown 信息已经推送！
[2024-01-11 00:41:35] INFO: 上传图片成功！
[2024-01-11 00:41:35] INFO: markdown 信息已经推送！
[2024-01-11 00:41:36] INFO: 上传图片成功！
[2024-01-11 00:41:36] INFO: 已走默认配置文件:nanfangyunying.yml
[2024-01-12 00:20:06] INFO: 已走默认配置文件:nanfangyunying.yml
[2024-01-12 00:20:16] INFO: 用户配置sql文件:../DataBaseInfo/MysqlInfo/new_nanfang.yml
[2024-01-12 00:20:17] INFO: 成功连接数据库:nanfang
[2024-01-12 00:20:17] INFO: 已使用管理员权限运行代码！
[2024-01-12 00:20:18] ERROR: 设备信息未找到!
[2024-01-12 00:20:19] INFO: 网卡信息更换完成！
[2024-01-12 00:20:32] INFO: 查找当前运行的iscpclient.exe,并结束进程
[2024-01-12 00:20:35] INFO: 查找iscpclient.exe,并运行程序
[2024-01-12 00:20:42] INFO: 点击SDK默认按钮
[2024-01-12 00:20:47] INFO: SDK连接中
[2024-01-12 00:20:50] INFO: SDK确认中
[2024-01-12 00:20:50] WARNING: 确定SDK已经安装到本机！
[2024-01-12 00:20:50] INFO: SDK最小化
[2024-01-12 00:21:35] INFO: 已走默认配置文件:nanfangyunying.yml
[2024-01-12 00:21:45] INFO: 用户配置sql文件:../DataBaseInfo/MysqlInfo/new_nanfang.yml
[2024-01-12 00:21:46] INFO: 成功连接数据库:nanfang
[2024-01-12 00:21:58] INFO: markdown 信息已经推送！
[2024-01-12 00:21:59] INFO: 上传图片成功！
[2024-01-12 00:21:59] INFO: markdown 信息已经推送！
[2024-01-12 00:22:00] INFO: 上传图片成功！
[2024-01-12 00:22:00] INFO: 已走默认配置文件:nanfangyunying.yml
[2024-01-12 00:40:02] INFO: 已走默认配置文件:nanfangyunying.yml
[2024-01-12 00:40:12] INFO: 用户配置sql文件:../DataBaseInfo/MysqlInfo/new_nanfang.yml
[2024-01-12 00:40:12] INFO: 成功连接数据库:nanfang
[2024-01-12 00:40:12] INFO: 已使用管理员权限运行代码！
[2024-01-12 00:40:13] ERROR: 设备信息未找到!
[2024-01-12 00:40:14] INFO: 网卡信息更换完成！
[2024-01-12 00:40:26] INFO: 查找当前运行的iscpclient.exe,并结束进程
[2024-01-12 00:40:29] INFO: 查找iscpclient.exe,并运行程序
[2024-01-12 00:40:36] INFO: 点击SDK默认按钮
[2024-01-12 00:40:40] INFO: SDK连接中
[2024-01-12 00:40:43] INFO: SDK确认中
[2024-01-12 00:40:43] WARNING: 确定SDK已经安装到本机！
[2024-01-12 00:40:43] INFO: SDK最小化
[2024-01-12 00:41:16] INFO: 已走默认配置文件:nanfangyunying.yml
[2024-01-12 00:41:26] INFO: 用户配置sql文件:../DataBaseInfo/MysqlInfo/new_nanfang.yml
[2024-01-12 00:41:26] INFO: 成功连接数据库:nanfang
[2024-01-12 00:41:36] INFO: markdown 信息已经推送！
[2024-01-12 00:41:37] INFO: 上传图片成功！
[2024-01-12 00:41:37] INFO: markdown 信息已经推送！
[2024-01-12 00:41:38] INFO: 上传图片成功！
[2024-01-12 00:41:38] INFO: 已走默认配置文件:nanfangyunying.yml
[2024-01-13 00:20:05] INFO: 已走默认配置文件:nanfangyunying.yml
[2024-01-13 00:20:16] INFO: 用户配置sql文件:../DataBaseInfo/MysqlInfo/new_nanfang.yml
[2024-01-13 00:20:16] INFO: 成功连接数据库:nanfang
[2024-01-13 00:20:16] INFO: 已使用管理员权限运行代码！
[2024-01-13 00:20:18] ERROR: 设备信息未找到!
[2024-01-13 00:20:18] INFO: 网卡信息更换完成！
[2024-01-13 00:20:31] INFO: 查找当前运行的iscpclient.exe,并结束进程
[2024-01-13 00:20:34] INFO: 查找iscpclient.exe,并运行程序
[2024-01-13 00:20:42] INFO: 点击SDK默认按钮
[2024-01-13 00:20:47] INFO: SDK连接中
[2024-01-13 00:20:50] INFO: SDK确认中
[2024-01-13 00:20:50] WARNING: 确定SDK已经安装到本机！
[2024-01-13 00:20:50] INFO: SDK最小化
[2024-01-13 00:21:26] INFO: 已走默认配置文件:nanfangyunying.yml
[2024-01-13 00:21:36] INFO: 用户配置sql文件:../DataBaseInfo/MysqlInfo/new_nanfang.yml
[2024-01-13 00:21:36] INFO: 成功连接数据库:nanfang
[2024-01-13 00:22:17] INFO: 已走默认配置文件:nanfangyunying.yml
[2024-01-13 00:22:28] INFO: 用户配置sql文件:../DataBaseInfo/MysqlInfo/new_nanfang.yml
[2024-01-13 00:22:28] INFO: 成功连接数据库:nanfang
[2024-01-13 00:22:39] INFO: markdown 信息已经推送！
[2024-01-13 00:22:40] INFO: 上传图片成功！
[2024-01-13 00:22:40] INFO: markdown 信息已经推送！
[2024-01-13 00:22:41] INFO: 上传图片成功！
[2024-01-13 00:22:41] INFO: 已走默认配置文件:nanfangyunying.yml
[2024-01-13 00:40:02] INFO: 已走默认配置文件:nanfangyunying.yml
[2024-01-13 00:40:12] INFO: 用户配置sql文件:../DataBaseInfo/MysqlInfo/new_nanfang.yml
[2024-01-13 00:40:12] INFO: 成功连接数据库:nanfang
[2024-01-13 00:40:12] INFO: 已使用管理员权限运行代码！
[2024-01-13 00:40:13] ERROR: 设备信息未找到!
[2024-01-13 00:40:14] INFO: 网卡信息更换完成！
[2024-01-13 00:40:26] INFO: 查找当前运行的iscpclient.exe,并结束进程
[2024-01-13 00:40:29] INFO: 查找iscpclient.exe,并运行程序
[2024-01-13 00:40:36] INFO: 点击SDK默认按钮
[2024-01-13 00:40:40] INFO: SDK连接中
[2024-01-13 00:40:43] INFO: SDK确认中
[2024-01-13 00:40:43] WARNING: 确定SDK已经安装到本机！
[2024-01-13 00:40:43] INFO: SDK最小化
[2024-01-13 00:41:19] INFO: 已走默认配置文件:nanfangyunying.yml
[2024-01-13 00:41:29] INFO: 用户配置sql文件:../DataBaseInfo/MysqlInfo/new_nanfang.yml
[2024-01-13 00:41:29] INFO: 成功连接数据库:nanfang
[2024-01-13 00:41:39] INFO: markdown 信息已经推送！
[2024-01-13 00:41:40] INFO: 上传图片成功！
[2024-01-13 00:41:40] INFO: markdown 信息已经推送！
[2024-01-13 00:41:41] INFO: 上传图片成功！
[2024-01-13 00:41:41] INFO: 已走默认配置文件:nanfangyunying.yml
[2024-01-14 00:20:14] INFO: 已走默认配置文件:nanfangyunying.yml
[2024-01-14 00:20:24] INFO: 用户配置sql文件:../DataBaseInfo/MysqlInfo/new_nanfang.yml
[2024-01-14 00:20:24] INFO: 成功连接数据库:nanfang
[2024-01-14 00:20:25] INFO: 已使用管理员权限运行代码！
[2024-01-14 00:20:26] ERROR: 设备信息未找到!
[2024-01-14 00:20:27] INFO: 网卡信息更换完成！
[2024-01-14 00:20:40] INFO: 查找当前运行的iscpclient.exe,并结束进程
[2024-01-14 00:20:43] INFO: 查找iscpclient.exe,并运行程序
[2024-01-14 00:20:51] INFO: 点击SDK默认按钮
[2024-01-14 00:20:56] INFO: SDK连接中
[2024-01-14 00:20:59] INFO: SDK确认中
[2024-01-14 00:20:59] WARNING: 确定SDK已经安装到本机！
[2024-01-14 00:20:59] INFO: SDK最小化
[2024-01-14 00:21:37] INFO: 已走默认配置文件:nanfangyunying.yml
[2024-01-14 00:21:48] INFO: 用户配置sql文件:../DataBaseInfo/MysqlInfo/new_nanfang.yml
[2024-01-14 00:21:48] INFO: 成功连接数据库:nanfang
[2024-01-14 00:22:25] INFO: 已走默认配置文件:nanfangyunying.yml
[2024-01-14 00:22:35] INFO: 用户配置sql文件:../DataBaseInfo/MysqlInfo/new_nanfang.yml
[2024-01-14 00:22:35] INFO: 成功连接数据库:nanfang
[2024-01-14 00:40:02] INFO: 已走默认配置文件:nanfangyunying.yml
[2024-01-14 00:40:12] INFO: 用户配置sql文件:../DataBaseInfo/MysqlInfo/new_nanfang.yml
[2024-01-14 00:40:12] INFO: 成功连接数据库:nanfang
[2024-01-14 00:40:12] INFO: 已使用管理员权限运行代码！
[2024-01-14 00:40:13] ERROR: 设备信息未找到!
[2024-01-14 00:40:13] INFO: 网卡信息更换完成！
[2024-01-14 00:40:26] INFO: 查找当前运行的iscpclient.exe,并结束进程
[2024-01-14 00:40:29] INFO: 查找iscpclient.exe,并运行程序
[2024-01-14 00:40:36] INFO: 点击SDK默认按钮
[2024-01-14 00:40:40] INFO: SDK连接中
[2024-01-14 00:40:43] INFO: SDK确认中
[2024-01-14 00:40:43] WARNING: 确定SDK已经安装到本机！
[2024-01-14 00:40:43] INFO: SDK最小化
[2024-01-14 00:41:18] INFO: 已走默认配置文件:nanfangyunying.yml
[2024-01-14 00:41:28] INFO: 用户配置sql文件:../DataBaseInfo/MysqlInfo/new_nanfang.yml
[2024-01-14 00:41:28] INFO: 成功连接数据库:nanfang
[2024-01-14 00:41:39] INFO: markdown 信息已经推送！
[2024-01-14 00:41:40] INFO: 上传图片成功！
[2024-01-14 00:41:40] INFO: markdown 信息已经推送！
[2024-01-14 00:41:41] INFO: 上传图片成功！
[2024-01-14 00:41:41] INFO: 已走默认配置文件:nanfangyunying.yml
[2024-01-15 00:20:09] INFO: 已走默认配置文件:nanfangyunying.yml
[2024-01-15 00:20:19] INFO: 用户配置sql文件:../DataBaseInfo/MysqlInfo/new_nanfang.yml
[2024-01-15 00:20:20] INFO: 成功连接数据库:nanfang
[2024-01-15 00:20:20] INFO: 已使用管理员权限运行代码！
[2024-01-15 00:20:21] ERROR: 设备信息未找到!
[2024-01-15 00:20:22] INFO: 网卡信息更换完成！
[2024-01-15 00:20:37] INFO: 查找当前运行的iscpclient.exe,并结束进程
[2024-01-15 00:20:40] INFO: 查找iscpclient.exe,并运行程序
[2024-01-15 00:20:48] INFO: 点击SDK默认按钮
[2024-01-15 00:20:52] INFO: SDK连接中
[2024-01-15 00:20:55] INFO: SDK确认中
[2024-01-15 00:20:55] WARNING: 确定SDK已经安装到本机！
[2024-01-15 00:20:55] INFO: SDK最小化
[2024-01-15 00:21:26] INFO: 已走默认配置文件:nanfangyunying.yml
[2024-01-15 00:21:36] INFO: 用户配置sql文件:../DataBaseInfo/MysqlInfo/new_nanfang.yml
[2024-01-15 00:21:36] INFO: 成功连接数据库:nanfang
[2024-01-15 00:21:47] INFO: markdown 信息已经推送！
[2024-01-15 00:21:48] INFO: 上传图片成功！
[2024-01-15 00:21:48] INFO: markdown 信息已经推送！
[2024-01-15 00:21:49] INFO: 上传图片成功！
[2024-01-15 00:21:49] INFO: 已走默认配置文件:nanfangyunying.yml
[2024-01-15 00:40:02] INFO: 已走默认配置文件:nanfangyunying.yml
[2024-01-15 00:40:12] INFO: 用户配置sql文件:../DataBaseInfo/MysqlInfo/new_nanfang.yml
[2024-01-15 00:40:12] INFO: 成功连接数据库:nanfang
[2024-01-15 00:40:12] INFO: 已使用管理员权限运行代码！
[2024-01-15 00:40:13] ERROR: 设备信息未找到!
[2024-01-15 00:40:14] INFO: 网卡信息更换完成！
[2024-01-15 00:40:26] INFO: 查找当前运行的iscpclient.exe,并结束进程
[2024-01-15 00:40:29] INFO: 查找iscpclient.exe,并运行程序
[2024-01-15 00:40:36] INFO: 点击SDK默认按钮
[2024-01-15 00:40:41] INFO: SDK连接中
[2024-01-15 00:40:44] INFO: SDK确认中
[2024-01-15 00:40:44] WARNING: 确定SDK已经安装到本机！
[2024-01-15 00:40:44] INFO: SDK最小化
[2024-01-15 00:41:27] INFO: 已走默认配置文件:nanfangyunying.yml
[2024-01-15 00:41:37] INFO: 用户配置sql文件:../DataBaseInfo/MysqlInfo/new_nanfang.yml
[2024-01-15 00:41:37] INFO: 成功连接数据库:nanfang
[2024-01-15 00:42:16] INFO: 已走默认配置文件:nanfangyunying.yml
[2024-01-15 00:42:26] INFO: 用户配置sql文件:../DataBaseInfo/MysqlInfo/new_nanfang.yml
[2024-01-15 00:42:27] INFO: 成功连接数据库:nanfang
[2024-01-16 00:20:57] INFO: 已走默认配置文件:nanfangyunying.yml
[2024-01-16 00:21:08] INFO: 用户配置sql文件:../DataBaseInfo/MysqlInfo/new_nanfang.yml
[2024-01-16 00:21:08] INFO: 成功连接数据库:nanfang
[2024-01-16 00:21:10] INFO: 已使用管理员权限运行代码！
[2024-01-16 00:21:14] ERROR: 设备信息未找到!
[2024-01-16 00:21:15] INFO: 网卡信息更换完成！
[2024-01-16 00:21:32] INFO: 查找当前运行的iscpclient.exe,并结束进程
[2024-01-16 00:21:35] INFO: 查找iscpclient.exe,并运行程序
[2024-01-16 00:40:03] INFO: 已走默认配置文件:nanfangyunying.yml
[2024-01-16 00:40:13] INFO: 用户配置sql文件:../DataBaseInfo/MysqlInfo/new_nanfang.yml
[2024-01-16 00:40:13] INFO: 成功连接数据库:nanfang
[2024-01-16 00:40:13] INFO: 已使用管理员权限运行代码！
[2024-01-16 00:40:14] ERROR: 设备信息未找到!
[2024-01-16 00:40:14] INFO: 网卡信息更换完成！
[2024-01-16 00:40:27] INFO: 查找当前运行的iscpclient.exe,并结束进程
[2024-01-16 00:40:30] INFO: 查找iscpclient.exe,并运行程序
[2024-01-16 00:40:38] INFO: 点击SDK默认按钮
[2024-01-16 00:40:42] INFO: SDK连接中
[2024-01-16 00:40:45] INFO: SDK确认中
[2024-01-16 00:40:45] WARNING: 确定SDK已经安装到本机！
[2024-01-16 00:40:45] INFO: SDK最小化
[2024-01-16 00:41:17] INFO: 已走默认配置文件:nanfangyunying.yml
[2024-01-16 00:41:27] INFO: 用户配置sql文件:../DataBaseInfo/MysqlInfo/new_nanfang.yml
[2024-01-16 00:41:27] INFO: 成功连接数据库:nanfang
[2024-01-16 00:41:39] INFO: markdown 信息已经推送！
[2024-01-16 00:41:40] INFO: 上传图片成功！
[2024-01-16 00:41:40] INFO: markdown 信息已经推送！
[2024-01-16 00:41:41] INFO: 上传图片成功！
[2024-01-16 00:41:41] INFO: 已走默认配置文件:nanfangyunying.yml
[2024-01-17 00:20:13] INFO: 已走默认配置文件:nanfangyunying.yml
[2024-01-17 00:20:23] INFO: 用户配置sql文件:../DataBaseInfo/MysqlInfo/new_nanfang.yml
[2024-01-17 00:20:24] INFO: 成功连接数据库:nanfang
[2024-01-17 00:20:24] INFO: 已使用管理员权限运行代码！
[2024-01-17 00:20:25] ERROR: 设备信息未找到!
[2024-01-17 00:20:26] INFO: 网卡信息更换完成！
[2024-01-17 00:20:39] INFO: 查找当前运行的iscpclient.exe,并结束进程
[2024-01-17 00:20:42] INFO: 查找iscpclient.exe,并运行程序
[2024-01-17 00:20:49] INFO: 点击SDK默认按钮
[2024-01-17 00:20:54] INFO: SDK连接中
[2024-01-17 00:20:57] INFO: SDK确认中
[2024-01-17 00:20:57] WARNING: 确定SDK已经安装到本机！
[2024-01-17 00:20:57] INFO: SDK最小化
[2024-01-17 00:21:31] INFO: 已走默认配置文件:nanfangyunying.yml
[2024-01-17 00:21:41] INFO: 用户配置sql文件:../DataBaseInfo/MysqlInfo/new_nanfang.yml
[2024-01-17 00:21:41] INFO: 成功连接数据库:nanfang
[2024-01-17 00:21:53] INFO: markdown 信息已经推送！
[2024-01-17 00:21:54] INFO: 上传图片成功！
[2024-01-17 00:21:54] INFO: markdown 信息已经推送！
[2024-01-17 00:21:55] INFO: 上传图片成功！
[2024-01-17 00:21:55] INFO: 已走默认配置文件:nanfangyunying.yml
[2024-01-17 00:40:03] INFO: 已走默认配置文件:nanfangyunying.yml
[2024-01-17 00:40:13] INFO: 用户配置sql文件:../DataBaseInfo/MysqlInfo/new_nanfang.yml
[2024-01-17 00:40:13] INFO: 成功连接数据库:nanfang
[2024-01-17 00:40:13] INFO: 已使用管理员权限运行代码！
[2024-01-17 00:40:14] ERROR: 设备信息未找到!
[2024-01-17 00:40:15] INFO: 网卡信息更换完成！
[2024-01-17 00:40:27] INFO: 查找当前运行的iscpclient.exe,并结束进程
[2024-01-17 00:40:30] INFO: 查找iscpclient.exe,并运行程序
[2024-01-17 00:40:37] INFO: 点击SDK默认按钮
[2024-01-17 00:40:42] INFO: SDK连接中
[2024-01-17 00:40:45] INFO: SDK确认中
[2024-01-17 00:40:45] WARNING: 确定SDK已经安装到本机！
[2024-01-17 00:40:45] INFO: SDK最小化
[2024-01-17 00:41:15] INFO: 已走默认配置文件:nanfangyunying.yml
[2024-01-17 00:41:25] INFO: 用户配置sql文件:../DataBaseInfo/MysqlInfo/new_nanfang.yml
[2024-01-17 00:41:25] INFO: 成功连接数据库:nanfang
[2024-01-17 00:41:35] INFO: markdown 信息已经推送！
[2024-01-17 00:41:36] INFO: 上传图片成功！
[2024-01-17 00:41:36] INFO: markdown 信息已经推送！
[2024-01-17 00:41:37] INFO: 上传图片成功！
[2024-01-17 00:41:37] INFO: 已走默认配置文件:nanfangyunying.yml
[2024-01-18 00:20:09] INFO: 已走默认配置文件:nanfangyunying.yml
[2024-01-18 00:20:19] INFO: 用户配置sql文件:../DataBaseInfo/MysqlInfo/new_nanfang.yml
[2024-01-18 00:20:20] INFO: 成功连接数据库:nanfang
[2024-01-18 00:20:20] INFO: 已使用管理员权限运行代码！
[2024-01-18 00:20:21] ERROR: 设备信息未找到!
[2024-01-18 00:20:22] INFO: 网卡信息更换完成！
[2024-01-18 00:20:35] INFO: 查找当前运行的iscpclient.exe,并结束进程
[2024-01-18 00:20:38] INFO: 查找iscpclient.exe,并运行程序
[2024-01-18 00:20:45] INFO: 点击SDK默认按钮
[2024-01-18 00:20:50] INFO: SDK连接中
[2024-01-18 00:20:53] INFO: SDK确认中
[2024-01-18 00:20:53] WARNING: 确定SDK已经安装到本机！
[2024-01-18 00:20:53] INFO: SDK最小化
[2024-01-18 00:21:27] INFO: 已走默认配置文件:nanfangyunying.yml
[2024-01-18 00:21:37] INFO: 用户配置sql文件:../DataBaseInfo/MysqlInfo/new_nanfang.yml
[2024-01-18 00:21:37] INFO: 成功连接数据库:nanfang
[2024-01-18 00:21:49] INFO: markdown 信息已经推送！
[2024-01-18 00:21:50] INFO: 上传图片成功！
[2024-01-18 00:21:50] INFO: markdown 信息已经推送！
[2024-01-18 00:21:51] INFO: 上传图片成功！
[2024-01-18 00:21:51] INFO: 已走默认配置文件:nanfangyunying.yml
[2024-01-18 00:40:02] INFO: 已走默认配置文件:nanfangyunying.yml
[2024-01-18 00:40:12] INFO: 用户配置sql文件:../DataBaseInfo/MysqlInfo/new_nanfang.yml
[2024-01-18 00:40:13] INFO: 成功连接数据库:nanfang
[2024-01-18 00:40:13] INFO: 已使用管理员权限运行代码！
[2024-01-18 00:40:14] ERROR: 设备信息未找到!
[2024-01-18 00:40:14] INFO: 网卡信息更换完成！
[2024-01-18 00:40:26] INFO: 查找当前运行的iscpclient.exe,并结束进程
[2024-01-18 00:40:29] INFO: 查找iscpclient.exe,并运行程序
[2024-01-18 00:40:37] INFO: 点击SDK默认按钮
[2024-01-18 00:40:41] INFO: SDK连接中
[2024-01-18 00:40:44] INFO: SDK确认中
[2024-01-18 00:40:44] WARNING: 确定SDK已经安装到本机！
[2024-01-18 00:40:44] INFO: SDK最小化
[2024-01-18 00:41:23] INFO: 已走默认配置文件:nanfangyunying.yml
[2024-01-18 00:41:33] INFO: 用户配置sql文件:../DataBaseInfo/MysqlInfo/new_nanfang.yml
[2024-01-18 00:41:33] INFO: 成功连接数据库:nanfang
[2024-01-18 00:42:09] INFO: 已走默认配置文件:nanfangyunying.yml
[2024-01-18 00:42:19] INFO: 用户配置sql文件:../DataBaseInfo/MysqlInfo/new_nanfang.yml
[2024-01-18 00:42:19] INFO: 成功连接数据库:nanfang
[2024-01-18 00:42:29] INFO: markdown 信息已经推送！
[2024-01-18 00:42:30] INFO: 上传图片成功！
[2024-01-18 00:42:30] INFO: markdown 信息已经推送！
[2024-01-18 00:42:31] INFO: 上传图片成功！
[2024-01-18 00:42:31] INFO: 已走默认配置文件:nanfangyunying.yml
[2024-01-19 00:20:11] INFO: 已走默认配置文件:nanfangyunying.yml
[2024-01-19 00:20:21] INFO: 用户配置sql文件:../DataBaseInfo/MysqlInfo/new_nanfang.yml
[2024-01-19 00:20:21] INFO: 成功连接数据库:nanfang
[2024-01-19 00:20:21] INFO: 已使用管理员权限运行代码！
[2024-01-19 00:20:23] ERROR: 设备信息未找到!
[2024-01-19 00:20:23] INFO: 网卡信息更换完成！
[2024-01-19 00:20:36] INFO: 查找当前运行的iscpclient.exe,并结束进程
[2024-01-19 00:20:39] INFO: 查找iscpclient.exe,并运行程序
[2024-01-19 00:20:47] INFO: 点击SDK默认按钮
[2024-01-19 00:20:51] INFO: SDK连接中
[2024-01-19 00:20:54] INFO: SDK确认中
[2024-01-19 00:20:54] WARNING: 确定SDK已经安装到本机！
[2024-01-19 00:20:54] INFO: SDK最小化
[2024-01-19 00:22:47] INFO: 已走默认配置文件:nanfangyunying.yml
[2024-01-19 00:22:57] INFO: 用户配置sql文件:../DataBaseInfo/MysqlInfo/new_nanfang.yml
[2024-01-19 00:22:57] INFO: 成功连接数据库:nanfang
[2024-01-19 00:23:10] INFO: markdown 信息已经推送！
[2024-01-19 00:23:11] INFO: 上传图片成功！
[2024-01-19 00:23:11] INFO: markdown 信息已经推送！
[2024-01-19 00:23:12] INFO: 上传图片成功！
[2024-01-19 00:23:12] INFO: 已走默认配置文件:nanfangyunying.yml
[2024-01-19 00:40:03] INFO: 已走默认配置文件:nanfangyunying.yml
[2024-01-19 00:40:13] INFO: 用户配置sql文件:../DataBaseInfo/MysqlInfo/new_nanfang.yml
[2024-01-19 00:40:13] INFO: 成功连接数据库:nanfang
[2024-01-19 00:40:13] INFO: 已使用管理员权限运行代码！
[2024-01-19 00:40:15] ERROR: 设备信息未找到!
[2024-01-19 00:40:15] INFO: 网卡信息更换完成！
[2024-01-19 00:40:27] INFO: 查找当前运行的iscpclient.exe,并结束进程
[2024-01-19 00:40:30] INFO: 查找iscpclient.exe,并运行程序
[2024-01-19 00:40:38] INFO: 点击SDK默认按钮
[2024-01-19 00:40:42] INFO: SDK连接中
[2024-01-19 00:40:45] INFO: SDK确认中
[2024-01-19 00:40:45] WARNING: 确定SDK已经安装到本机！
[2024-01-19 00:40:45] INFO: SDK最小化
[2024-01-19 00:41:16] INFO: 已走默认配置文件:nanfangyunying.yml
[2024-01-19 00:41:26] INFO: 用户配置sql文件:../DataBaseInfo/MysqlInfo/new_nanfang.yml
[2024-01-19 00:41:26] INFO: 成功连接数据库:nanfang
[2024-01-19 00:41:36] INFO: markdown 信息已经推送！
[2024-01-19 00:41:37] INFO: 上传图片成功！
[2024-01-19 00:41:37] INFO: markdown 信息已经推送！
[2024-01-19 00:41:38] INFO: 上传图片成功！
[2024-01-19 00:41:38] INFO: 已走默认配置文件:nanfangyunying.yml
[2024-01-20 00:20:05] INFO: 已走默认配置文件:nanfangyunying.yml
[2024-01-20 00:20:15] INFO: 用户配置sql文件:../DataBaseInfo/MysqlInfo/new_nanfang.yml
[2024-01-20 00:20:15] INFO: 成功连接数据库:nanfang
[2024-01-20 00:20:16] INFO: 已使用管理员权限运行代码！
[2024-01-20 00:20:17] ERROR: 设备信息未找到!
[2024-01-20 00:20:17] INFO: 网卡信息更换完成！
[2024-01-20 00:20:30] INFO: 查找当前运行的iscpclient.exe,并结束进程
[2024-01-20 00:20:33] INFO: 查找iscpclient.exe,并运行程序
[2024-01-20 00:20:41] INFO: 点击SDK默认按钮
[2024-01-20 00:20:45] INFO: SDK连接中
[2024-01-20 00:20:48] INFO: SDK确认中
[2024-01-20 00:20:48] WARNING: 确定SDK已经安装到本机！
[2024-01-20 00:20:48] INFO: SDK最小化
[2024-01-20 00:21:19] INFO: 已走默认配置文件:nanfangyunying.yml
[2024-01-20 00:21:29] INFO: 用户配置sql文件:../DataBaseInfo/MysqlInfo/new_nanfang.yml
[2024-01-20 00:21:29] INFO: 成功连接数据库:nanfang
[2024-01-20 00:21:43] INFO: markdown 信息已经推送！
[2024-01-20 00:21:44] INFO: 上传图片成功！
[2024-01-20 00:21:44] INFO: markdown 信息已经推送！
[2024-01-20 00:21:45] INFO: 上传图片成功！
[2024-01-20 00:21:45] INFO: 已走默认配置文件:nanfangyunying.yml
[2024-01-20 00:51:00] INFO: 用户配置sql文件:../DataBaseInfo/MysqlInfo/new_nanfang.yml
[2024-01-20 00:51:05] INFO: 成功连接数据库:nanfang
[2024-01-21 00:20:09] INFO: 已走默认配置文件:nanfangyunying.yml
[2024-01-21 00:20:19] INFO: 用户配置sql文件:../DataBaseInfo/MysqlInfo/new_nanfang.yml
[2024-01-21 00:20:19] INFO: 成功连接数据库:nanfang
[2024-01-21 00:20:19] INFO: 已使用管理员权限运行代码！
[2024-01-21 00:20:21] ERROR: 设备信息未找到!
[2024-01-21 00:20:21] INFO: 网卡信息更换完成！
[2024-01-21 00:20:34] INFO: 查找当前运行的iscpclient.exe,并结束进程
[2024-01-21 00:20:37] INFO: 查找iscpclient.exe,并运行程序
[2024-01-21 00:20:44] INFO: 点击SDK默认按钮
[2024-01-21 00:20:49] INFO: SDK连接中
[2024-01-21 00:20:52] INFO: SDK确认中
[2024-01-21 00:20:52] WARNING: 确定SDK已经安装到本机！
[2024-01-21 00:20:52] INFO: SDK最小化
[2024-01-21 00:21:26] INFO: 已走默认配置文件:nanfangyunying.yml
[2024-01-21 00:21:36] INFO: 用户配置sql文件:../DataBaseInfo/MysqlInfo/new_nanfang.yml
[2024-01-21 00:21:37] INFO: 成功连接数据库:nanfang
[2024-01-21 00:21:51] INFO: markdown 信息已经推送！
[2024-01-21 00:21:52] INFO: 上传图片成功！
[2024-01-21 00:21:52] INFO: markdown 信息已经推送！
[2024-01-21 00:21:53] INFO: 上传图片成功！
[2024-01-21 00:21:53] INFO: 用户配置sql文件:../DataBaseInfo/MysqlInfo/new_nanfang.yml
[2024-01-21 00:21:53] INFO: 成功连接数据库:nanfang
[2024-01-21 00:40:02] INFO: 已走默认配置文件:nanfangyunying.yml
[2024-01-21 00:40:12] INFO: 用户配置sql文件:../DataBaseInfo/MysqlInfo/new_nanfang.yml
[2024-01-21 00:40:12] INFO: 成功连接数据库:nanfang
[2024-01-21 00:40:12] INFO: 已使用管理员权限运行代码！
[2024-01-21 00:40:13] ERROR: 设备信息未找到!
[2024-01-21 00:40:14] INFO: 网卡信息更换完成！
[2024-01-21 00:40:26] INFO: 查找当前运行的iscpclient.exe,并结束进程
[2024-01-21 00:40:29] INFO: 查找iscpclient.exe,并运行程序
[2024-01-21 00:40:36] INFO: 点击SDK默认按钮
[2024-01-21 00:40:41] INFO: SDK连接中
[2024-01-21 00:40:44] INFO: SDK确认中
[2024-01-21 00:40:44] WARNING: 确定SDK已经安装到本机！
[2024-01-21 00:40:44] INFO: SDK最小化
[2024-01-21 00:41:13] INFO: 已走默认配置文件:nanfangyunying.yml
[2024-01-21 00:41:23] INFO: 用户配置sql文件:../DataBaseInfo/MysqlInfo/new_nanfang.yml
[2024-01-21 00:41:24] INFO: 成功连接数据库:nanfang
[2024-01-21 00:41:37] INFO: markdown 信息已经推送！
[2024-01-21 00:41:37] INFO: 上传图片成功！
[2024-01-21 00:41:38] INFO: markdown 信息已经推送！
[2024-01-21 00:41:38] INFO: 上传图片成功！
[2024-01-21 00:41:38] INFO: 用户配置sql文件:../DataBaseInfo/MysqlInfo/new_nanfang.yml
[2024-01-21 00:41:39] INFO: 成功连接数据库:nanfang
[2024-01-22 00:20:08] INFO: 已走默认配置文件:nanfangyunying.yml
[2024-01-22 00:20:18] INFO: 用户配置sql文件:../DataBaseInfo/MysqlInfo/new_nanfang.yml
[2024-01-22 00:20:18] INFO: 成功连接数据库:nanfang
[2024-01-22 00:20:18] INFO: 已使用管理员权限运行代码！
[2024-01-22 00:20:20] ERROR: 设备信息未找到!
[2024-01-22 00:20:20] INFO: 网卡信息更换完成！
[2024-01-22 00:20:33] INFO: 查找当前运行的iscpclient.exe,并结束进程
[2024-01-22 00:20:36] INFO: 查找iscpclient.exe,并运行程序
[2024-01-22 00:20:44] INFO: 点击SDK默认按钮
[2024-01-22 00:20:48] INFO: SDK连接中
[2024-01-22 00:20:51] INFO: SDK确认中
[2024-01-22 00:20:51] WARNING: 确定SDK已经安装到本机！
[2024-01-22 00:20:51] INFO: SDK最小化
[2024-01-22 00:21:21] INFO: 已走默认配置文件:nanfangyunying.yml
[2024-01-22 00:21:31] INFO: 用户配置sql文件:../DataBaseInfo/MysqlInfo/new_nanfang.yml
[2024-01-22 00:21:31] INFO: 成功连接数据库:nanfang
[2024-01-22 00:21:46] INFO: markdown 信息已经推送！
[2024-01-22 00:21:47] INFO: 上传图片成功！
[2024-01-22 00:21:47] INFO: markdown 信息已经推送！
[2024-01-22 00:21:48] INFO: 上传图片成功！
[2024-01-22 00:21:48] INFO: 用户配置sql文件:../DataBaseInfo/MysqlInfo/new_nanfang.yml
[2024-01-22 00:21:48] INFO: 成功连接数据库:nanfang
[2024-01-22 00:40:04] INFO: 已走默认配置文件:nanfangyunying.yml
[2024-01-22 00:40:14] INFO: 用户配置sql文件:../DataBaseInfo/MysqlInfo/new_nanfang.yml
[2024-01-22 00:40:14] INFO: 成功连接数据库:nanfang
[2024-01-22 00:40:14] INFO: 已使用管理员权限运行代码！
[2024-01-22 00:40:15] ERROR: 设备信息未找到!
[2024-01-22 00:40:16] INFO: 网卡信息更换完成！
[2024-01-22 00:40:28] INFO: 查找当前运行的iscpclient.exe,并结束进程
[2024-01-22 00:40:31] INFO: 查找iscpclient.exe,并运行程序
[2024-01-22 00:40:38] INFO: 点击SDK默认按钮
[2024-01-22 00:40:42] INFO: SDK连接中
[2024-01-22 00:40:45] INFO: SDK确认中
[2024-01-22 00:40:45] WARNING: 确定SDK已经安装到本机！
[2024-01-22 00:40:45] INFO: SDK最小化
[2024-01-22 00:41:20] INFO: 已走默认配置文件:nanfangyunying.yml
[2024-01-22 00:41:30] INFO: 用户配置sql文件:../DataBaseInfo/MysqlInfo/new_nanfang.yml
[2024-01-22 00:41:30] INFO: 成功连接数据库:nanfang
[2024-01-22 00:41:43] INFO: markdown 信息已经推送！
[2024-01-22 00:41:44] INFO: 上传图片成功！
[2024-01-22 00:41:44] INFO: markdown 信息已经推送！
[2024-01-22 00:41:45] INFO: 上传图片成功！
[2024-01-22 00:41:45] INFO: 用户配置sql文件:../DataBaseInfo/MysqlInfo/new_nanfang.yml
[2024-01-22 00:41:45] INFO: 成功连接数据库:nanfang
[2024-01-22 23:28:12] INFO: 已走默认配置文件:nanfangyunying.yml
[2024-01-22 23:28:45] INFO: 用户配置sql文件:../DataBaseInfo/MysqlInfo/new_nanfang.yml
[2024-01-22 23:28:46] INFO: 成功连接数据库:nanfang
[2024-01-22 23:28:48] INFO: 已使用管理员权限运行代码！
[2024-01-22 23:28:49] ERROR: 设备信息未找到!
[2024-01-22 23:28:49] INFO: 网卡信息更换完成！
[2024-01-22 23:29:02] INFO: 查找当前运行的iscpclient.exe,并结束进程
[2024-01-22 23:29:05] INFO: 查找iscpclient.exe,并运行程序
[2024-01-22 23:29:14] INFO: 点击SDK默认按钮
[2024-01-22 23:29:18] INFO: SDK连接中
[2024-01-22 23:29:21] INFO: SDK确认中
[2024-01-22 23:29:21] WARNING: 确定SDK已经安装到本机！
[2024-01-22 23:29:21] INFO: SDK最小化
[2024-01-22 23:29:53] INFO: 已走默认配置文件:nanfangyunying.yml
[2024-01-22 23:30:03] INFO: 用户配置sql文件:../DataBaseInfo/MysqlInfo/new_nanfang.yml
[2024-01-22 23:30:03] INFO: 成功连接数据库:nanfang
[2024-01-22 23:30:56] INFO: 用户配置sql文件:../DataBaseInfo/MysqlInfo/new_nanfang.yml
[2024-01-22 23:30:56] INFO: 成功连接数据库:nanfang
[2024-01-22 23:31:59] INFO: 用户配置sql文件:../DataBaseInfo/MysqlInfo/new_nanfang.yml
[2024-01-22 23:31:59] INFO: 成功连接数据库:nanfang
[2024-01-22 23:32:27] INFO: markdown 信息已经推送！
[2024-01-22 23:32:28] INFO: 上传图片成功！
[2024-01-22 23:32:28] INFO: markdown 信息已经推送！
[2024-01-22 23:32:29] INFO: 上传图片成功！
[2024-01-22 23:32:29] INFO: 用户配置sql文件:../DataBaseInfo/MysqlInfo/new_nanfang.yml
[2024-01-22 23:32:29] INFO: 成功连接数据库:nanfang
[2024-01-23 00:20:02] INFO: 已走默认配置文件:nanfangyunying.yml
[2024-01-23 00:20:12] INFO: 用户配置sql文件:../DataBaseInfo/MysqlInfo/new_nanfang.yml
[2024-01-23 00:20:12] INFO: 成功连接数据库:nanfang
[2024-01-23 00:20:13] INFO: 已使用管理员权限运行代码！
[2024-01-23 00:20:13] ERROR: 设备信息未找到!
[2024-01-23 00:20:14] INFO: 网卡信息更换完成！
[2024-01-23 00:20:26] INFO: 查找当前运行的iscpclient.exe,并结束进程
[2024-01-23 00:20:29] INFO: 查找iscpclient.exe,并运行程序
[2024-01-23 00:20:36] INFO: 点击SDK默认按钮
[2024-01-23 00:20:41] INFO: SDK连接中
[2024-01-23 00:20:44] INFO: SDK确认中
[2024-01-23 00:20:44] WARNING: 确定SDK已经安装到本机！
[2024-01-23 00:20:44] INFO: SDK最小化
[2024-01-23 00:21:20] INFO: 已走默认配置文件:nanfangyunying.yml
[2024-01-23 00:21:30] INFO: 用户配置sql文件:../DataBaseInfo/MysqlInfo/new_nanfang.yml
[2024-01-23 00:21:30] INFO: 成功连接数据库:nanfang
[2024-01-23 00:21:44] INFO: markdown 信息已经推送！
[2024-01-23 00:21:44] INFO: 上传图片成功！
[2024-01-23 00:21:45] INFO: markdown 信息已经推送！
[2024-01-23 00:21:45] INFO: 上传图片成功！
[2024-01-23 00:21:45] INFO: 用户配置sql文件:../DataBaseInfo/MysqlInfo/new_nanfang.yml
[2024-01-23 00:21:46] INFO: 成功连接数据库:nanfang
[2024-01-23 00:40:01] INFO: 已走默认配置文件:nanfangyunying.yml
[2024-01-23 00:40:11] INFO: 用户配置sql文件:../DataBaseInfo/MysqlInfo/new_nanfang.yml
[2024-01-23 00:40:12] INFO: 成功连接数据库:nanfang
[2024-01-23 00:40:12] INFO: 已使用管理员权限运行代码！
[2024-01-23 00:40:13] ERROR: 设备信息未找到!
[2024-01-23 00:40:13] INFO: 网卡信息更换完成！
[2024-01-23 00:40:25] INFO: 查找当前运行的iscpclient.exe,并结束进程
[2024-01-23 00:40:28] INFO: 查找iscpclient.exe,并运行程序
[2024-01-23 00:40:36] INFO: 点击SDK默认按钮
[2024-01-23 00:40:40] INFO: SDK连接中
[2024-01-23 00:40:43] INFO: SDK确认中
[2024-01-23 00:40:43] WARNING: 确定SDK已经安装到本机！
[2024-01-23 00:40:43] INFO: SDK最小化
[2024-01-23 00:41:19] INFO: 已走默认配置文件:nanfangyunying.yml
[2024-01-23 00:41:29] INFO: 用户配置sql文件:../DataBaseInfo/MysqlInfo/new_nanfang.yml
[2024-01-23 00:41:29] INFO: 成功连接数据库:nanfang
[2024-01-23 00:42:21] INFO: 已走默认配置文件:nanfangyunying.yml
[2024-01-23 00:42:31] INFO: 用户配置sql文件:../DataBaseInfo/MysqlInfo/new_nanfang.yml
[2024-01-23 00:42:31] INFO: 成功连接数据库:nanfang
